<?xml version="1.0" encoding="UTF-8"?>
<testng-results ignored="0" total="1" passed="1" failed="0" skipped="0">
  <reporter-output>
  </reporter-output>
  <suite started-at="2025-01-31T10:26:37 IST" name="Surefire suite" finished-at="2025-01-31T10:26:40 IST" duration-ms="3167">
    <groups>
    </groups>
    <test started-at="2025-01-31T10:26:37 IST" name="Surefire test" finished-at="2025-01-31T10:26:40 IST" duration-ms="3167">
      <class name="tests.LoginTest">
        <test-method is-config="true" signature="setUp()[pri:0, instance:tests.LoginTest@79179359]" started-at="2025-01-31T10:26:37 IST" name="setUp" finished-at="2025-01-31T10:26:40 IST" duration-ms="2247" status="PASS">
          <reporter-output>
          </reporter-output>
        </test-method> <!-- setUp -->
        <test-method signature="loginTest()[pri:0, instance:tests.LoginTest@79179359]" started-at="2025-01-31T10:26:40 IST" name="loginTest" description="Verify user login with valid credentials" finished-at="2025-01-31T10:26:40 IST" duration-ms="696" status="PASS">
          <reporter-output>
          </reporter-output>
        </test-method> <!-- loginTest -->
        <test-method is-config="true" signature="tearDown()[pri:0, instance:tests.LoginTest@79179359]" started-at="2025-01-31T10:26:40 IST" name="tearDown" finished-at="2025-01-31T10:26:40 IST" duration-ms="103" status="PASS">
          <reporter-output>
          </reporter-output>
        </test-method> <!-- tearDown -->
      </class> <!-- tests.LoginTest -->
    </test> <!-- Surefire test -->
  </suite> <!-- Surefire suite -->
</testng-results>
